<?xml version="1.0" encoding="UTF-8"?>
<testsuite name="TaskTest" tests="12" skipped="0" failures="0" errors="0" timestamp="2016-05-09T17:13:57" hostname="epicodus-30.local" time="0.156">
  <properties/>
  <testcase name="save_savesObjectIntoDatabase_true" classname="TaskTest" time="0.012"/>
  <testcase name="equals_returnsTrueIfDescriptionsAreTheSame_true" classname="TaskTest" time="0.005"/>
  <testcase name="getDescription_taskWithDescription_String" classname="TaskTest" time="0.004"/>
  <testcase name="addCategory_addsCategoryToTask" classname="TaskTest" time="0.021"/>
  <testcase name="find_findsTasksInDatabase_True" classname="TaskTest" time="0.012"/>
  <testcase name="getCategories_returnsAllCategories_List" classname="TaskTest" time="0.02"/>
  <testcase name="delete_deletesTask_true" classname="TaskTest" time="0.015"/>
  <testcase name="all_emptyAtFirst" classname="TaskTest" time="0.007"/>
  <testcase name="delete_deletesAllTasksAndCategoriesAssociations" classname="TaskTest" time="0.024"/>
  <testcase name="save_assignsIdToObject" classname="TaskTest" time="0.012"/>
  <testcase name="Task_instantiatesCorrectly_true" classname="TaskTest" time="0.004"/>
  <testcase name="update_updatesTaskDescription_true" classname="TaskTest" time="0.017"/>
  <system-out><![CDATA[]]></system-out>
  <system-err><![CDATA[]]></system-err>
</testsuite>
