<?xml version="1.0" encoding="UTF-8"?>
<testsuite name="TaskTest" tests="12" skipped="0" failures="0" errors="0" timestamp="2016-05-09T18:07:32" hostname="epicodus-30.local" time="0.171">
  <properties/>
  <testcase name="save_savesObjectIntoDatabase_true" classname="TaskTest" time="0.012"/>
  <testcase name="equals_returnsTrueIfDescriptionsAreTheSame_true" classname="TaskTest" time="0.005"/>
  <testcase name="getDescription_taskWithDescription_String" classname="TaskTest" time="0.005"/>
  <testcase name="addCategory_addsCategoryToTask" classname="TaskTest" time="0.025"/>
  <testcase name="find_findsTasksInDatabase_True" classname="TaskTest" time="0.013"/>
  <testcase name="getCategories_returnsAllCategories_List" classname="TaskTest" time="0.023"/>
  <testcase name="delete_deletesTask_true" classname="TaskTest" time="0.017"/>
  <testcase name="all_emptyAtFirst" classname="TaskTest" time="0.008"/>
  <testcase name="delete_deletesAllTasksAndCategoriesAssociations" classname="TaskTest" time="0.026"/>
  <testcase name="save_assignsIdToObject" classname="TaskTest" time="0.014"/>
  <testcase name="Task_instantiatesCorrectly_true" classname="TaskTest" time="0.005"/>
  <testcase name="update_updatesTaskDescription_true" classname="TaskTest" time="0.017"/>
  <system-out><![CDATA[]]></system-out>
  <system-err><![CDATA[]]></system-err>
</testsuite>
